<?xml version="1.0" encoding="UTF-8"?>
<!-- Generated by org.testng.reporters.JUnitReportReporter -->
<testsuite hostname="DELL" failures="0" tests="2" name="runner.Runcuke" time="94.371" errors="0" timestamp="2022-11-06T13:52:55 IST" skipped="0">
  <testcase classname="runner.Runcuke" name="runScenario" time="23.565"/>
  <system-out/>
  <testcase classname="runner.Runcuke" name="runScenario" time="70.806"/>
  <system-out/>
</testsuite> <!-- runner.Runcuke -->
