<?xml version="1.0" encoding="UTF-8"?>
<!-- Generated by org.testng.reporters.JUnitReportReporter -->
<testsuite hostname="DELL" failures="0" tests="1" name="runner.Runcuke" time="25.472" errors="0" timestamp="2022-11-06T13:50:38 IST" skipped="0">
  <testcase classname="runner.Runcuke" name="runScenario" time="25.472"/>
  <system-out/>
</testsuite> <!-- runner.Runcuke -->
